<?xml version="1.0" encoding="UTF-8"?>
<!-- Generated by org.testng.reporters.JUnitReportReporter -->
<testsuite hostname="inbl01lap7154" failures="0" tests="1" name="TestCases.CaptureVitalsTest" time="31.791" errors="0" timestamp="2022-02-19T06:26:07 IST" skipped="0">
  <testcase classname="TestCases.CaptureVitalsTest" name="validateLogin" time="31.791"/>
  <system-out/>
</testsuite> <!-- TestCases.CaptureVitalsTest -->
