<?xml version="1.0" encoding="UTF-8"?>
<!-- Generated by org.testng.reporters.JUnitReportReporter -->
<testsuite hostname="inbl01lap7154" failures="0" tests="2" name="com.caps.test.cases.LoginPageTest" time="36.477" errors="0" timestamp="2022-02-19T11:18:35 IST" skipped="0">
  <testcase classname="com.caps.test.cases.LoginPageTest" name="validateLoginPage" time="19.390"/>
  <system-out/>
  <testcase classname="com.caps.test.cases.LoginPageTest" name="invalidvalidateLoginPage" time="17.087"/>
  <system-out/>
</testsuite> <!-- com.caps.test.cases.LoginPageTest -->
