<?xml version="1.0" encoding="UTF-8"?>
<!-- Generated by org.testng.reporters.JUnitReportReporter -->
<testsuite hostname="inbl01lap7154" failures="0" tests="1" name="DatabaseConnection.SQLConnector" time="0.030" errors="0" timestamp="2022-02-19T11:40:57 IST" skipped="0">
  <testcase classname="DatabaseConnection.SQLConnector" name="test" time="0.030"/>
  <system-out/>
</testsuite> <!-- DatabaseConnection.SQLConnector -->
