<?xml version="1.0" encoding="UTF-8"?>
<!-- Generated by org.testng.reporters.JUnitReportReporter -->
<testsuite hostname="inbl01lap7154" failures="0" tests="2" name="TestCases.LoginPageTest" time="28.872" errors="0" timestamp="2022-02-19T06:42:00 IST" skipped="0">
  <testcase classname="TestCases.LoginPageTest" name="validateLoginPage" time="16.640"/>
  <system-out/>
  <testcase classname="TestCases.LoginPageTest" name="invalidvalidateLoginPage" time="12.232"/>
  <system-out/>
</testsuite> <!-- TestCases.LoginPageTest -->
