<?xml version="1.0" encoding="UTF-8"?>
<!-- Generated by org.testng.reporters.JUnitReportReporter -->
<testsuite hostname="inbl01lap7154" failures="0" tests="1" name="com.caps.test.cases.CaptureVitalsTest" time="47.074" errors="0" timestamp="2022-02-19T11:18:35 IST" skipped="0">
  <testcase classname="com.caps.test.cases.CaptureVitalsTest" name="validateCaptureVital" time="47.074"/>
  <system-out/>
</testsuite> <!-- com.caps.test.cases.CaptureVitalsTest -->
